build/app/intermediates/manifest_merge_blame_file/debug/manifest-merger-blame-debug-report.txt
1<?xml version="1.0" encoding="utf-8"?>
2<manifest xmlns:android="http://schemas.android.com/apk/res/android"
3    package="com.example.hackathon_project"
4    android:versionCode="1"
5    android:versionName="1.0.0" >
6
7    <uses-sdk
8        android:minSdkVersion="16"
9        android:targetSdkVersion="33" />
10    <!--
11         The INTERNET permission is required for development. Specifically,
12         the Flutter tool needs it to communicate with the running application
13         to allow setting breakpoints, to provide hot reload, etc.
14    -->
15    <uses-permission android:name="android.permission.INTERNET" />
15-->src/main/AndroidManifest.xml:13:5-67
15-->src/main/AndroidManifest.xml:13:22-64
16    <!-- custom permissions -->
17    <uses-permission android:name="android.permission.ACCESS_FINE_LOCATION" />
17-->src/main/AndroidManifest.xml:4:5-79
17-->src/main/AndroidManifest.xml:4:22-76
18    <uses-permission android:name="android.permission.ACCESS_BACKGROUND_LOCATION" />
18-->src/main/AndroidManifest.xml:5:5-84
18-->src/main/AndroidManifest.xml:5:22-82
19    <uses-permission android:name="android.permission.SEND_SMS" />
19-->src/main/AndroidManifest.xml:6:5-67
19-->src/main/AndroidManifest.xml:6:22-64
20
21    <queries>
21-->src/main/AndroidManifest.xml:7:5-12:15
22        <intent>
22-->src/main/AndroidManifest.xml:8:9-11:18
23            <action android:name="android.intent.action.SENDTO" />
23-->src/main/AndroidManifest.xml:9:13-66
23-->src/main/AndroidManifest.xml:9:21-64
24
25            <data android:scheme="smsto" />
25-->src/main/AndroidManifest.xml:10:13-43
25-->src/main/AndroidManifest.xml:10:19-41
26        </intent>
27        <intent>
27-->[:contacts_service] AndroidManifest.xml:10:9-12:18
28            <action android:name="android.accounts.AccountAuthenticator" />
28-->[:contacts_service] AndroidManifest.xml:11:13-76
28-->[:contacts_service] AndroidManifest.xml:11:21-73
29        </intent> <!-- Allows the app to load an icon corresponding to the custom MIME type. -->
30        <intent>
30-->[:contacts_service] AndroidManifest.xml:14:9-21:18
31            <action android:name="android.intent.action.VIEW" />
31-->[:contacts_service] AndroidManifest.xml:15:13-65
31-->[:contacts_service] AndroidManifest.xml:15:21-62
32
33            <data
33-->src/main/AndroidManifest.xml:10:13-43
34                android:host="com.android.contacts"
35                android:mimeType="vnd.android.cursor.item/*"
36                android:scheme="content" />
36-->src/main/AndroidManifest.xml:10:19-41
37        </intent>
38    </queries>
39
40    <uses-permission android:name="android.permission.CAMERA" />
40-->src/main/AndroidManifest.xml:14:5-65
40-->src/main/AndroidManifest.xml:14:22-62
41    <uses-permission android:name="android.permission.RECORD_AUDIO" />
41-->src/main/AndroidManifest.xml:15:5-71
41-->src/main/AndroidManifest.xml:15:22-68
42    <uses-permission android:name="android.permission.READ_CONTACTS" />
42-->src/main/AndroidManifest.xml:16:5-72
42-->src/main/AndroidManifest.xml:16:22-69
43    <uses-permission android:name="android.permission.ACCESS_COARSE_LOCATION" /> <!-- custom permissions -->
43-->[:location] AndroidManifest.xml:9:5-81
43-->[:location] AndroidManifest.xml:9:22-78
44    <application
45        android:name="android.app.Application"
46        android:appComponentFactory="androidx.core.app.CoreComponentFactory"
46-->[androidx.core:core:1.6.0] AndroidManifest.xml:24:18-86
47        android:debuggable="true"
48        android:icon="@mipmap/launcher_icon"
49        android:label="HerShield" >
50        <activity
51            android:name="com.example.hackathon_project.MainActivity"
52            android:configChanges="orientation|keyboardHidden|keyboard|screenSize|smallestScreenSize|locale|layoutDirection|fontScale|screenLayout|density|uiMode"
53            android:exported="true"
54            android:hardwareAccelerated="true"
55            android:launchMode="singleTop"
56            android:theme="@style/LaunchTheme"
57            android:windowSoftInputMode="adjustResize" >
58
59            <!--
60                 Specifies an Android theme to apply to this Activity as soon as
61                 the Android process has started. This theme is visible to the user
62                 while the Flutter UI initializes. After that, this theme continues
63                 to determine the Window background behind the Flutter UI.
64            -->
65            <meta-data
66                android:name="io.flutter.embedding.android.NormalTheme"
67                android:resource="@style/NormalTheme" />
68
69            <intent-filter>
70                <action android:name="android.intent.action.MAIN" />
71
72                <category android:name="android.intent.category.LAUNCHER" />
73            </intent-filter>
74        </activity>
75        <!--
76             Don't delete the meta-data below.
77             This is used by the Flutter tool to generate GeneratedPluginRegistrant.java
78        -->
79        <meta-data
80            android:name="flutterEmbedding"
81            android:value="2" />
82
83        <activity
83-->[:url_launcher_android] AndroidManifest.xml:10:9-13:74
84            android:name="io.flutter.plugins.urllauncher.WebViewActivity"
84-->[:url_launcher_android] AndroidManifest.xml:11:13-74
85            android:exported="false"
85-->[:url_launcher_android] AndroidManifest.xml:12:13-37
86            android:theme="@android:style/Theme.NoTitleBar.Fullscreen" />
86-->[:url_launcher_android] AndroidManifest.xml:13:13-71
87
88        <service
88-->[:location] AndroidManifest.xml:13:9-17:56
89            android:name="com.lyokone.location.FlutterLocationService"
89-->[:location] AndroidManifest.xml:14:13-71
90            android:enabled="true"
90-->[:location] AndroidManifest.xml:15:13-35
91            android:exported="false"
91-->[:location] AndroidManifest.xml:16:13-37
92            android:foregroundServiceType="location" />
92-->[:location] AndroidManifest.xml:17:13-53
93
94        <uses-library
94-->[androidx.window:window:1.0.0-beta04] AndroidManifest.xml:25:9-27:40
95            android:name="androidx.window.extensions"
95-->[androidx.window:window:1.0.0-beta04] AndroidManifest.xml:26:13-54
96            android:required="false" />
96-->[androidx.window:window:1.0.0-beta04] AndroidManifest.xml:27:13-37
97        <uses-library
97-->[androidx.window:window:1.0.0-beta04] AndroidManifest.xml:28:9-30:40
98            android:name="androidx.window.sidecar"
98-->[androidx.window:window:1.0.0-beta04] AndroidManifest.xml:29:13-51
99            android:required="false" />
99-->[androidx.window:window:1.0.0-beta04] AndroidManifest.xml:30:13-37
100
101        <activity
101-->[com.google.android.gms:play-services-auth:20.4.0] AndroidManifest.xml:23:9-27:75
102            android:name="com.google.android.gms.auth.api.signin.internal.SignInHubActivity"
102-->[com.google.android.gms:play-services-auth:20.4.0] AndroidManifest.xml:24:13-93
103            android:excludeFromRecents="true"
103-->[com.google.android.gms:play-services-auth:20.4.0] AndroidManifest.xml:25:13-46
104            android:exported="false"
104-->[com.google.android.gms:play-services-auth:20.4.0] AndroidManifest.xml:26:13-37
105            android:theme="@android:style/Theme.Translucent.NoTitleBar" />
105-->[com.google.android.gms:play-services-auth:20.4.0] AndroidManifest.xml:27:13-72
106        <!--
107            Service handling Google Sign-In user revocation. For apps that do not integrate with
108            Google Sign-In, this service will never be started.
109        -->
110        <service
110-->[com.google.android.gms:play-services-auth:20.4.0] AndroidManifest.xml:33:9-37:51
111            android:name="com.google.android.gms.auth.api.signin.RevocationBoundService"
111-->[com.google.android.gms:play-services-auth:20.4.0] AndroidManifest.xml:34:13-89
112            android:exported="true"
112-->[com.google.android.gms:play-services-auth:20.4.0] AndroidManifest.xml:35:13-36
113            android:permission="com.google.android.gms.auth.api.signin.permission.REVOCATION_NOTIFICATION"
113-->[com.google.android.gms:play-services-auth:20.4.0] AndroidManifest.xml:36:13-107
114            android:visibleToInstantApps="true" />
114-->[com.google.android.gms:play-services-auth:20.4.0] AndroidManifest.xml:37:13-48
115
116        <activity
116-->[com.google.android.gms:play-services-base:18.0.1] AndroidManifest.xml:20:9-22:45
117            android:name="com.google.android.gms.common.api.GoogleApiActivity"
117-->[com.google.android.gms:play-services-base:18.0.1] AndroidManifest.xml:20:19-85
118            android:exported="false"
118-->[com.google.android.gms:play-services-base:18.0.1] AndroidManifest.xml:22:19-43
119            android:theme="@android:style/Theme.Translucent.NoTitleBar" />
119-->[com.google.android.gms:play-services-base:18.0.1] AndroidManifest.xml:21:19-78
120
121        <meta-data
121-->[com.google.android.gms:play-services-basement:18.1.0] AndroidManifest.xml:21:9-23:69
122            android:name="com.google.android.gms.version"
122-->[com.google.android.gms:play-services-basement:18.1.0] AndroidManifest.xml:22:13-58
123            android:value="@integer/google_play_services_version" />
123-->[com.google.android.gms:play-services-basement:18.1.0] AndroidManifest.xml:23:13-66
124    </application>
125
126</manifest>